  [1m[35m (428.4ms)[0m  [1m[35mCREATE DATABASE "TodosApp_development" ENCODING = 'unicode'[0m
  ↳ /Users/trevor/.rbenv/versions/2.5.1/bin/rails:23
  [1m[35m (65.8ms)[0m  [1m[35mCREATE DATABASE "TodosApp_test" ENCODING = 'unicode'[0m
  ↳ /Users/trevor/.rbenv/versions/2.5.1/bin/rails:23
  [1m[35m (25.9ms)[0m  [1m[35mCREATE TABLE "schema_migrations" ("version" character varying NOT NULL PRIMARY KEY)[0m
  ↳ /Users/trevor/.rbenv/versions/2.5.1/bin/rails:23
  [1m[35m (8.8ms)[0m  [1m[35mCREATE TABLE "ar_internal_metadata" ("key" character varying NOT NULL PRIMARY KEY, "value" character varying, "created_at" timestamp NOT NULL, "updated_at" timestamp NOT NULL)[0m
  ↳ /Users/trevor/.rbenv/versions/2.5.1/bin/rails:23
  [1m[35m (0.8ms)[0m  [1m[34mSELECT pg_try_advisory_lock(7358896748882576940)[0m
  ↳ /Users/trevor/.rbenv/versions/2.5.1/bin/rails:23
  [1m[35m (1.2ms)[0m  [1m[34mSELECT "schema_migrations"."version" FROM "schema_migrations" ORDER BY "schema_migrations"."version" ASC[0m
  ↳ /Users/trevor/.rbenv/versions/2.5.1/bin/rails:23
Migrating to CreateTodos (20210201223253)
  [1m[35m (0.1ms)[0m  [1m[35mBEGIN[0m
  ↳ /Users/trevor/.rbenv/versions/2.5.1/bin/rails:23
  [1m[35m (11.2ms)[0m  [1m[35mCREATE TABLE "todos" ("id" bigserial primary key, "title" character varying NOT NULL, "body" character varying NOT NULL, "done" boolean NOT NULL, "created_at" timestamp NOT NULL, "updated_at" timestamp NOT NULL)[0m
  ↳ db/migrate/20210201223253_create_todos.rb:3
  [1m[36mActiveRecord::SchemaMigration Create (3.5ms)[0m  [1m[32mINSERT INTO "schema_migrations" ("version") VALUES ($1) RETURNING "version"[0m  [["version", "20210201223253"]]
  ↳ /Users/trevor/.rbenv/versions/2.5.1/bin/rails:23
  [1m[35m (0.1ms)[0m  [1m[35mCOMMIT[0m
  ↳ /Users/trevor/.rbenv/versions/2.5.1/bin/rails:23
  [1m[36mActiveRecord::InternalMetadata Load (0.4ms)[0m  [1m[34mSELECT  "ar_internal_metadata".* FROM "ar_internal_metadata" WHERE "ar_internal_metadata"."key" = $1 LIMIT $2[0m  [["key", "environment"], ["LIMIT", 1]]
  ↳ /Users/trevor/.rbenv/versions/2.5.1/bin/rails:23
  [1m[35m (0.1ms)[0m  [1m[35mBEGIN[0m
  ↳ /Users/trevor/.rbenv/versions/2.5.1/bin/rails:23
  [1m[36mActiveRecord::InternalMetadata Create (7.6ms)[0m  [1m[32mINSERT INTO "ar_internal_metadata" ("key", "value", "created_at", "updated_at") VALUES ($1, $2, $3, $4) RETURNING "key"[0m  [["key", "environment"], ["value", "development"], ["created_at", "2021-02-01 22:35:27.257671"], ["updated_at", "2021-02-01 22:35:27.257671"]]
  ↳ /Users/trevor/.rbenv/versions/2.5.1/bin/rails:23
  [1m[35m (0.3ms)[0m  [1m[35mCOMMIT[0m
  ↳ /Users/trevor/.rbenv/versions/2.5.1/bin/rails:23
  [1m[35m (0.3ms)[0m  [1m[34mSELECT pg_advisory_unlock(7358896748882576940)[0m
  ↳ /Users/trevor/.rbenv/versions/2.5.1/bin/rails:23
  [1m[35m (0.4ms)[0m  [1m[34mSELECT "schema_migrations"."version" FROM "schema_migrations" ORDER BY "schema_migrations"."version" ASC[0m
  ↳ /Users/trevor/.rbenv/versions/2.5.1/bin/rails:23
