  [1m[35m (308.0ms)[0m  [1m[35mCREATE DATABASE "ninety_nine_catse_development" ENCODING = 'unicode'[0m
  ↳ /Users/trevor/.rbenv/versions/2.5.1/bin/rails:23
  [1m[35m (106.0ms)[0m  [1m[35mCREATE DATABASE "ninety_nine_catse_test" ENCODING = 'unicode'[0m
  ↳ /Users/trevor/.rbenv/versions/2.5.1/bin/rails:23
  [1m[35m (156.1ms)[0m  [1m[35mCREATE DATABASE "ninety_nine_catse_development" ENCODING = 'unicode'[0m
  ↳ /Users/qizhu/.rbenv/versions/2.5.1/bin/rails:23
  [1m[35m (93.0ms)[0m  [1m[35mCREATE DATABASE "ninety_nine_catse_test" ENCODING = 'unicode'[0m
  ↳ /Users/qizhu/.rbenv/versions/2.5.1/bin/rails:23
  [1m[35m (16.9ms)[0m  [1m[35mCREATE TABLE "schema_migrations" ("version" character varying NOT NULL PRIMARY KEY)[0m
  ↳ /Users/qizhu/.rbenv/versions/2.5.1/bin/rails:23
  [1m[35m (4.5ms)[0m  [1m[35mCREATE TABLE "ar_internal_metadata" ("key" character varying NOT NULL PRIMARY KEY, "value" character varying, "created_at" timestamp NOT NULL, "updated_at" timestamp NOT NULL)[0m
  ↳ /Users/qizhu/.rbenv/versions/2.5.1/bin/rails:23
  [1m[35m (0.4ms)[0m  [1m[34mSELECT pg_try_advisory_lock(68668323223288320)[0m
  ↳ /Users/qizhu/.rbenv/versions/2.5.1/bin/rails:23
  [1m[35m (0.5ms)[0m  [1m[34mSELECT "schema_migrations"."version" FROM "schema_migrations" ORDER BY "schema_migrations"."version" ASC[0m
  ↳ /Users/qizhu/.rbenv/versions/2.5.1/bin/rails:23
Migrating to CreateCats (20201231215551)
  [1m[35m (0.1ms)[0m  [1m[35mBEGIN[0m
  ↳ /Users/qizhu/.rbenv/versions/2.5.1/bin/rails:23
  [1m[35m (7.9ms)[0m  [1m[35mCREATE TABLE "cats" ("id" bigserial primary key, "birth_date" date NOT NULL, "color" character varying NOT NULL, "name" character varying NOT NULL, "description" text NOT NULL, "sex" character varying NOT NULL, "created_at" timestamp NOT NULL, "updated_at" timestamp NOT NULL)[0m
  ↳ db/migrate/20201231215551_create_cats.rb:3
  [1m[36mActiveRecord::SchemaMigration Create (1.1ms)[0m  [1m[32mINSERT INTO "schema_migrations" ("version") VALUES ($1) RETURNING "version"[0m  [["version", "20201231215551"]]
  ↳ /Users/qizhu/.rbenv/versions/2.5.1/bin/rails:23
  [1m[35m (0.5ms)[0m  [1m[35mCOMMIT[0m
  ↳ /Users/qizhu/.rbenv/versions/2.5.1/bin/rails:23
  [1m[36mActiveRecord::InternalMetadata Load (0.5ms)[0m  [1m[34mSELECT  "ar_internal_metadata".* FROM "ar_internal_metadata" WHERE "ar_internal_metadata"."key" = $1 LIMIT $2[0m  [["key", "environment"], ["LIMIT", 1]]
  ↳ /Users/qizhu/.rbenv/versions/2.5.1/bin/rails:23
  [1m[35m (0.1ms)[0m  [1m[35mBEGIN[0m
  ↳ /Users/qizhu/.rbenv/versions/2.5.1/bin/rails:23
  [1m[36mActiveRecord::InternalMetadata Create (0.7ms)[0m  [1m[32mINSERT INTO "ar_internal_metadata" ("key", "value", "created_at", "updated_at") VALUES ($1, $2, $3, $4) RETURNING "key"[0m  [["key", "environment"], ["value", "development"], ["created_at", "2020-12-31 22:00:09.155830"], ["updated_at", "2020-12-31 22:00:09.155830"]]
  ↳ /Users/qizhu/.rbenv/versions/2.5.1/bin/rails:23
  [1m[35m (0.2ms)[0m  [1m[35mCOMMIT[0m
  ↳ /Users/qizhu/.rbenv/versions/2.5.1/bin/rails:23
  [1m[35m (0.2ms)[0m  [1m[34mSELECT pg_advisory_unlock(68668323223288320)[0m
  ↳ /Users/qizhu/.rbenv/versions/2.5.1/bin/rails:23
  [1m[35m (0.2ms)[0m  [1m[34mSELECT "schema_migrations"."version" FROM "schema_migrations" ORDER BY "schema_migrations"."version" ASC[0m
  ↳ /Users/qizhu/.rbenv/versions/2.5.1/bin/rails:23
  [1m[35m (0.8ms)[0m  [1m[34mSELECT "schema_migrations"."version" FROM "schema_migrations" ORDER BY "schema_migrations"."version" ASC[0m
  ↳ /Users/qizhu/.rbenv/versions/2.5.1/bin/rails:23
